<?xml version="1.0" encoding="UTF-8"?>
<testng-results ignored="0" total="3" passed="3" failed="0" skipped="0">
  <reporter-output>
  </reporter-output>
  <suite started-at="2023-05-05T17:10:03 IST" name="All Test Suite" finished-at="2023-05-05T17:13:08 IST" duration-ms="185031">
    <groups>
    </groups>
    <test started-at="2023-05-05T17:10:03 IST" name="test1" finished-at="2023-05-05T17:13:01 IST" duration-ms="177613">
      <class name="org.example.AmazonEmail">
        <test-method is-config="true" signature="setup()[pri:0, instance:org.example.AmazonEmail@100f9bbe]" started-at="2023-05-05T17:10:03 IST" name="setup" finished-at="2023-05-05T17:10:05 IST" duration-ms="1702" status="PASS">
          <reporter-output>
          </reporter-output>
        </test-method> <!-- setup -->
        <test-method signature="getTitleFromPage()[pri:0, instance:org.example.AmazonEmail@100f9bbe]" started-at="2023-05-05T17:10:05 IST" name="getTitleFromPage" finished-at="2023-05-05T17:13:01 IST" duration-ms="175875" status="PASS">
          <reporter-output>
          </reporter-output>
        </test-method> <!-- getTitleFromPage -->
      </class> <!-- org.example.AmazonEmail -->
    </test> <!-- test1 -->
    <test started-at="2023-05-05T17:13:01 IST" name="test2" finished-at="2023-05-05T17:13:04 IST" duration-ms="2943">
      <class name="org.example.WithoutIdPass">
        <test-method is-config="true" signature="setup()[pri:0, instance:org.example.WithoutIdPass@73d69c0f]" started-at="2023-05-05T17:13:01 IST" name="setup" finished-at="2023-05-05T17:13:03 IST" duration-ms="2673" status="PASS">
          <reporter-output>
          </reporter-output>
        </test-method> <!-- setup -->
        <test-method signature="getTitleFromPage()[pri:0, instance:org.example.WithoutIdPass@73d69c0f]" started-at="2023-05-05T17:13:03 IST" name="getTitleFromPage" finished-at="2023-05-05T17:13:04 IST" duration-ms="267" status="PASS">
          <reporter-output>
          </reporter-output>
        </test-method> <!-- getTitleFromPage -->
      </class> <!-- org.example.WithoutIdPass -->
    </test> <!-- test2 -->
    <test started-at="2023-05-05T17:13:04 IST" name="test3" finished-at="2023-05-05T17:13:08 IST" duration-ms="4403">
      <class name="org.example.IncorrectIdPass">
        <test-method is-config="true" signature="setup()[pri:0, instance:org.example.IncorrectIdPass@71c905a3]" started-at="2023-05-05T17:13:04 IST" name="setup" finished-at="2023-05-05T17:13:05 IST" duration-ms="1368" status="PASS">
          <reporter-output>
          </reporter-output>
        </test-method> <!-- setup -->
        <test-method signature="getTitleFromPage()[pri:0, instance:org.example.IncorrectIdPass@71c905a3]" started-at="2023-05-05T17:13:05 IST" name="getTitleFromPage" finished-at="2023-05-05T17:13:08 IST" duration-ms="3032" status="PASS">
          <reporter-output>
          </reporter-output>
        </test-method> <!-- getTitleFromPage -->
      </class> <!-- org.example.IncorrectIdPass -->
    </test> <!-- test3 -->
  </suite> <!-- All Test Suite -->
</testng-results>
